TN:
SF:D:\Workarea\iota.eco\iota-pico\pow-js\src\index.ts
FNF:0
FNH:0
LF:0
LH:0
BRF:0
BRH:0
end_of_record
TN:
SF:D:\Workarea\iota.eco\iota-pico\pow-js\src\proofOfWorkJs.ts
FN:17,(anonymous_0)
FN:27,(anonymous_1)
FNF:2
FNH:2
FNDA:7,(anonymous_0)
FNDA:6,(anonymous_1)
DA:1,1
DA:2,1
DA:4,1
DA:5,1
DA:6,1
DA:7,1
DA:12,1
DA:18,7
DA:28,6
DA:29,1
DA:31,5
DA:32,1
DA:34,4
DA:35,4
DA:36,4
DA:37,4
LF:16
LH:16
BRDA:28,0,0,1
BRDA:28,0,1,5
BRDA:31,1,0,1
BRDA:31,1,1,4
BRDA:31,2,0,5
BRDA:31,2,1,4
BRF:6
BRH:6
end_of_record
TN:
SF:D:\Workarea\iota.eco\iota-pico\pow-js\src\pearlDiver\pearlDiver.ts
FN:36,(anonymous_1)
FN:56,(anonymous_2)
FN:64,(anonymous_3)
FN:109,(anonymous_4)
FN:138,(anonymous_5)
FN:154,(anonymous_6)
FN:162,(anonymous_7)
FN:168,(anonymous_8)
FN:173,(anonymous_9)
FN:193,(anonymous_10)
FN:204,(anonymous_11)
FNF:11
FNH:11
FNDA:4,(anonymous_1)
FNDA:4,(anonymous_2)
FNDA:4,(anonymous_3)
FNDA:8,(anonymous_4)
FNDA:8,(anonymous_5)
FNDA:4,(anonymous_6)
FNDA:972,(anonymous_7)
FNDA:4,(anonymous_8)
FNDA:2916,(anonymous_9)
FNDA:4,(anonymous_10)
FNDA:8,(anonymous_11)
DA:1,1
DA:2,1
DA:4,1
DA:10,1
DA:12,1
DA:14,1
DA:37,4
DA:38,4
DA:39,4
DA:40,4
DA:41,4
DA:42,4
DA:43,4
DA:44,4
DA:45,4
DA:46,4
DA:47,4
DA:57,4
DA:59,4
DA:61,4
DA:65,4
DA:67,4
DA:69,4
DA:74,4
DA:75,8
DA:77,8
DA:82,8
DA:84,8
DA:86,8
DA:87,4
DA:90,4
DA:93,4
DA:94,104
DA:97,4
DA:99,4
DA:100,972
DA:106,4
DA:110,8
DA:111,8
DA:112,648
DA:117,648
DA:118,472392
DA:119,472392
DA:120,472392
DA:121,236520
DA:123,235872
DA:125,472392
DA:126,472392
DA:127,472392
DA:128,472392
DA:129,472392
DA:131,472392
DA:132,472392
DA:133,472392
DA:139,8
DA:140,11
DA:141,3
DA:142,3
DA:144,8
DA:145,1
DA:147,7
DA:149,8
DA:155,4
DA:156,4
DA:157,4
DA:158,4
DA:159,4
DA:160,4
DA:163,972
DA:165,4
DA:169,4
DA:173,4
DA:174,2916
DA:176,1584
DA:177,1584
DA:178,1584
DA:180,688
DA:181,688
DA:182,688
DA:184,644
DA:185,644
DA:188,4
DA:190,4
DA:194,4
DA:195,4
DA:196,4
DA:197,4
DA:198,4
DA:199,4
DA:200,4
DA:201,4
DA:205,8
DA:206,8
DA:207,28
DA:208,28
DA:209,28
DA:210,28
DA:211,28
DA:212,28
DA:213,4
DA:216,8
LF:101
LH:101
BRDA:86,0,0,4
BRDA:86,0,1,4
BRDA:101,1,0,8
BRDA:101,1,1,964
BRDA:102,2,0,8
BRDA:102,2,1,956
BRDA:120,3,0,236520
BRDA:120,3,1,235872
BRDA:140,4,0,3
BRDA:140,4,1,8
BRDA:144,5,0,1
BRDA:144,5,1,7
BRDA:175,6,0,1584
BRDA:175,6,1,688
BRDA:175,6,2,644
BRDA:212,7,0,4
BRDA:212,7,1,24
BRF:17
BRH:17
end_of_record
TN:
SF:D:\Workarea\iota.eco\iota-pico\pow-js\src\pearlDiver\pearlDiverSearchStates.ts
FNF:0
FNH:0
LF:0
LH:0
BRF:0
BRH:0
end_of_record
