TN:
SF:D:\Workarea\iotaeco\iota-pico-pow-js\src\index.ts
FNF:0
FNH:0
LF:0
LH:0
BRF:0
BRH:0
end_of_record
TN:
SF:D:\Workarea\iotaeco\iota-pico-pow-js\src\proofOfWork.ts
FN:15,(anonymous_0)
FN:25,(anonymous_1)
FNF:2
FNH:2
FNDA:1,(anonymous_0)
FNDA:1,(anonymous_1)
DA:1,1
DA:2,1
DA:4,1
DA:5,1
DA:10,1
DA:16,1
DA:26,1
DA:27,0
DA:29,1
DA:30,0
DA:32,1
DA:33,1
DA:34,1
DA:35,1
LF:14
LH:12
BRDA:26,0,0,0
BRDA:26,0,1,1
BRDA:26,1,0,1
BRDA:26,1,1,1
BRDA:29,2,0,0
BRDA:29,2,1,1
BRF:6
BRH:4
end_of_record
TN:
SF:D:\Workarea\iotaeco\iota-pico-pow-js\src\pearlDiver\pearlDiver.ts
FN:36,(anonymous_1)
FN:57,(anonymous_2)
FN:65,(anonymous_3)
FN:110,(anonymous_4)
FN:139,(anonymous_5)
FN:155,(anonymous_6)
FN:163,(anonymous_7)
FN:169,(anonymous_8)
FN:174,(anonymous_9)
FN:194,(anonymous_10)
FN:205,(anonymous_11)
FNF:11
FNH:11
FNDA:1,(anonymous_1)
FNDA:1,(anonymous_2)
FNDA:1,(anonymous_3)
FNDA:1,(anonymous_4)
FNDA:1,(anonymous_5)
FNDA:1,(anonymous_6)
FNDA:243,(anonymous_7)
FNDA:1,(anonymous_8)
FNDA:729,(anonymous_9)
FNDA:1,(anonymous_10)
FNDA:1,(anonymous_11)
DA:1,1
DA:2,1
DA:4,1
DA:10,1
DA:12,1
DA:14,1
DA:37,1
DA:38,1
DA:39,1
DA:40,1
DA:41,1
DA:42,1
DA:43,1
DA:44,1
DA:45,1
DA:46,1
DA:47,1
DA:48,1
DA:58,1
DA:60,1
DA:62,1
DA:66,1
DA:68,1
DA:70,1
DA:75,1
DA:76,1
DA:78,1
DA:83,1
DA:85,1
DA:87,1
DA:88,0
DA:91,1
DA:94,1
DA:95,10
DA:98,1
DA:100,1
DA:101,243
DA:107,1
DA:111,1
DA:112,1
DA:113,81
DA:118,81
DA:119,59049
DA:120,59049
DA:121,59049
DA:122,29565
DA:124,29484
DA:126,59049
DA:127,59049
DA:128,59049
DA:129,59049
DA:130,59049
DA:132,59049
DA:133,59049
DA:134,59049
DA:140,1
DA:141,1
DA:142,0
DA:143,0
DA:145,1
DA:146,0
DA:148,1
DA:150,1
DA:156,1
DA:157,1
DA:158,1
DA:159,1
DA:160,1
DA:161,1
DA:164,243
DA:166,1
DA:170,1
DA:174,1
DA:175,729
DA:177,396
DA:178,396
DA:179,396
DA:181,172
DA:182,172
DA:183,172
DA:185,161
DA:186,161
DA:189,1
DA:191,1
DA:195,1
DA:196,1
DA:197,1
DA:198,1
DA:199,1
DA:200,1
DA:201,1
DA:202,1
DA:206,1
DA:207,1
DA:208,2
DA:209,2
DA:210,2
DA:211,2
DA:212,2
DA:213,2
DA:214,0
DA:217,1
LF:102
LH:97
BRDA:87,0,0,0
BRDA:87,0,1,1
BRDA:102,1,0,3
BRDA:102,1,1,240
BRDA:103,2,0,0
BRDA:103,2,1,240
BRDA:121,3,0,29565
BRDA:121,3,1,29484
BRDA:141,4,0,0
BRDA:141,4,1,1
BRDA:145,5,0,0
BRDA:145,5,1,1
BRDA:176,6,0,396
BRDA:176,6,1,172
BRDA:176,6,2,161
BRDA:213,7,0,0
BRDA:213,7,1,2
BRF:17
BRH:12
end_of_record
TN:
SF:D:\Workarea\iotaeco\iota-pico-pow-js\src\pearlDiver\pearlDiverSearchStates.ts
FNF:0
FNH:0
LF:0
LH:0
BRF:0
BRH:0
end_of_record
